2024-07-10 13:06:12,733 ERROR scheduler Skipped queueing erpnext.stock.doctype.repost_item_valuation.repost_item_valuation.repost_entries because it was found in queue for billa---com
2024-07-10 13:06:12,762 ERROR scheduler Skipped queueing erpnext.assets.doctype.asset.depreciation.post_depreciation_entries because it was found in queue for billa---com
2024-07-10 13:06:12,793 ERROR scheduler Skipped queueing erpnext.crm.utils.open_leads_opportunities_based_on_todays_event because it was found in queue for billa---com
2024-07-10 13:06:12,811 ERROR scheduler Skipped queueing erpnext.manufacturing.doctype.bom_update_tool.bom_update_tool.auto_update_latest_price_in_all_boms because it was found in queue for billa---com
2024-07-10 13:06:12,857 ERROR scheduler Skipped queueing erpnext.setup.doctype.email_digest.email_digest.send because it was found in queue for billa---com
2024-07-10 13:06:12,874 ERROR scheduler Skipped queueing erpnext.accounts.doctype.process_subscription.process_subscription.create_subscription_process because it was found in queue for billa---com
2024-07-10 13:06:13,225 ERROR scheduler Skipped queueing erpnext.crm.doctype.opportunity.opportunity.auto_close_opportunity because it was found in queue for billa---com
2024-07-10 13:06:13,255 ERROR scheduler Skipped queueing erpnext.support.doctype.issue.issue.auto_close_tickets because it was found in queue for billa---com
2024-07-10 13:06:13,273 ERROR scheduler Skipped queueing erpnext.projects.doctype.project.project.collect_project_status because it was found in queue for billa---com
2024-07-10 13:06:13,289 ERROR scheduler Skipped queueing erpnext.projects.doctype.project.project.hourly_reminder because it was found in queue for billa---com
2024-07-10 13:06:13,305 ERROR scheduler Skipped queueing erpnext.projects.doctype.project.project.project_status_update_reminder because it was found in queue for billa---com
2024-07-10 13:06:13,322 ERROR scheduler Skipped queueing erpnext.erpnext_integrations.doctype.plaid_settings.plaid_settings.automatic_synchronization because it was found in queue for billa---com
2024-07-10 13:06:13,339 ERROR scheduler Skipped queueing erpnext.utilities.doctype.video.video.update_youtube_data because it was found in queue for billa---com
2024-07-10 13:06:13,369 ERROR scheduler Skipped queueing erpnext.stock.reorder_item.reorder_item because it was found in queue for billa---com
2024-07-10 13:06:13,385 ERROR scheduler Skipped queueing erpnext.accounts.doctype.gl_entry.gl_entry.rename_gle_sle_docs because it was found in queue for billa---com
2024-07-10 13:06:13,401 ERROR scheduler Skipped queueing erpnext.accounts.doctype.process_payment_reconciliation.process_payment_reconciliation.trigger_reconciliation_for_queued_docs because it was found in queue for billa---com
2024-07-10 13:06:13,417 ERROR scheduler Skipped queueing erpnext.manufacturing.doctype.bom_update_log.bom_update_log.resume_bom_cost_update_jobs because it was found in queue for billa---com
2024-07-10 13:06:13,530 ERROR scheduler Skipped queueing frappe.integrations.doctype.google_drive.google_drive.daily_backup because it was found in queue for billa---com
2024-07-10 13:06:13,546 ERROR scheduler Skipped queueing frappe.email.doctype.auto_email_report.auto_email_report.send_daily because it was found in queue for billa---com
2024-07-10 13:06:13,561 ERROR scheduler Skipped queueing frappe.integrations.doctype.s3_backup_settings.s3_backup_settings.take_backups_daily because it was found in queue for billa---com
2024-07-10 13:06:13,568 ERROR scheduler Skipped queueing frappe.integrations.doctype.dropbox_settings.dropbox_settings.take_backups_daily because it was found in queue for billa---com
2024-07-10 13:06:13,592 ERROR scheduler Skipped queueing frappe.automation.doctype.auto_repeat.auto_repeat.set_auto_repeat_as_completed because it was found in queue for billa---com
2024-07-10 13:06:13,609 ERROR scheduler Skipped queueing frappe.automation.doctype.auto_repeat.auto_repeat.make_auto_repeat_entry because it was found in queue for billa---com
2024-07-10 13:06:13,625 ERROR scheduler Skipped queueing frappe.integrations.doctype.google_contacts.google_contacts.sync because it was found in queue for billa---com
2024-07-10 13:06:13,641 ERROR scheduler Skipped queueing frappe.social.doctype.energy_point_settings.energy_point_settings.allocate_review_points because it was found in queue for billa---com
2024-07-10 13:06:13,657 ERROR scheduler Skipped queueing frappe.desk.form.document_follow.send_daily_updates because it was found in queue for billa---com
2024-07-10 13:06:13,673 ERROR scheduler Skipped queueing frappe.website.doctype.personal_data_deletion_request.personal_data_deletion_request.remove_unverified_record because it was found in queue for billa---com
2024-07-10 13:06:13,678 ERROR scheduler Skipped queueing frappe.email.doctype.notification.notification.trigger_daily_alerts because it was found in queue for billa---com
2024-07-10 13:06:13,693 ERROR scheduler Skipped queueing frappe.sessions.clear_expired_sessions because it was found in queue for billa---com
2024-07-10 13:06:13,709 ERROR scheduler Skipped queueing frappe.desk.doctype.event.event.send_event_digest because it was found in queue for billa---com
2024-07-10 13:06:13,724 ERROR scheduler Skipped queueing frappe.desk.notifications.clear_notifications because it was found in queue for billa---com
2024-07-10 13:06:13,738 ERROR scheduler Skipped queueing frappe.website.doctype.personal_data_deletion_request.personal_data_deletion_request.process_data_deletion_request because it was found in queue for billa---com
2024-07-10 13:06:13,753 ERROR scheduler Skipped queueing frappe.email.doctype.newsletter.newsletter.send_scheduled_email because it was found in queue for billa---com
2024-07-10 13:06:13,758 ERROR scheduler Skipped queueing frappe.integrations.doctype.google_calendar.google_calendar.sync because it was found in queue for billa---com
2024-07-10 13:06:13,785 ERROR scheduler Skipped queueing frappe.desk.form.document_follow.send_hourly_updates because it was found in queue for billa---com
2024-07-10 13:06:13,801 ERROR scheduler Skipped queueing frappe.desk.page.backups.backups.delete_downloadable_backups because it was found in queue for billa---com
2024-07-10 13:06:13,818 ERROR scheduler Skipped queueing frappe.model.utils.user_settings.sync_user_settings because it was found in queue for billa---com
2024-07-10 13:06:13,823 ERROR scheduler Skipped queueing frappe.model.utils.link_count.update_link_count because it was found in queue for billa---com
2024-07-10 13:06:13,837 ERROR scheduler Skipped queueing frappe.automation.doctype.reminder.reminder.send_reminders because it was found in queue for billa---com
2024-07-10 13:06:13,853 ERROR scheduler Skipped queueing frappe.monitor.flush because it was found in queue for billa---com
2024-07-10 13:06:13,883 ERROR scheduler Skipped queueing frappe.email.queue.flush because it was found in queue for billa---com
2024-07-10 13:06:13,887 ERROR scheduler Skipped queueing frappe.core.doctype.log_settings.log_settings.run_log_clean_up because it was found in queue for billa---com
2024-07-10 13:06:13,902 ERROR scheduler Skipped queueing frappe.core.doctype.prepared_report.prepared_report.expire_stalled_report because it was found in queue for billa---com
2024-07-10 13:06:13,917 ERROR scheduler Skipped queueing frappe.email.doctype.email_account.email_account.pull because it was found in queue for billa---com
2024-07-10 13:06:13,933 ERROR scheduler Skipped queueing frappe.deferred_insert.save_to_db because it was found in queue for billa---com
2024-07-10 13:06:13,948 ERROR scheduler Skipped queueing frappe.utils.global_search.sync_global_search because it was found in queue for billa---com
2024-07-10 13:06:13,952 ERROR scheduler Skipped queueing frappe.email.doctype.email_account.email_account.notify_unreplied because it was found in queue for billa---com
2024-07-10 13:06:13,968 ERROR scheduler Skipped queueing frappe.twofactor.delete_all_barcodes_for_users because it was found in queue for billa---com
2024-07-10 13:06:13,984 ERROR scheduler Skipped queueing frappe.website.doctype.web_page.web_page.check_publish_status because it was found in queue for billa---com
2024-07-10 13:06:13,999 ERROR scheduler Skipped queueing frappe.oauth.delete_oauth2_data because it was found in queue for billa---com
2024-07-10 13:07:14,124 ERROR scheduler Skipped queueing erpnext.stock.doctype.repost_item_valuation.repost_item_valuation.repost_entries because it was found in queue for billa---com
2024-07-10 13:07:14,152 ERROR scheduler Skipped queueing erpnext.assets.doctype.asset.depreciation.post_depreciation_entries because it was found in queue for billa---com
2024-07-10 13:07:14,168 ERROR scheduler Skipped queueing erpnext.crm.utils.open_leads_opportunities_based_on_todays_event because it was found in queue for billa---com
2024-07-10 13:07:14,186 ERROR scheduler Skipped queueing erpnext.manufacturing.doctype.bom_update_tool.bom_update_tool.auto_update_latest_price_in_all_boms because it was found in queue for billa---com
2024-07-10 13:07:14,200 ERROR scheduler Skipped queueing erpnext.setup.doctype.email_digest.email_digest.send because it was found in queue for billa---com
2024-07-10 13:07:14,216 ERROR scheduler Skipped queueing erpnext.accounts.doctype.process_subscription.process_subscription.create_subscription_process because it was found in queue for billa---com
2024-07-10 13:07:14,956 ERROR scheduler Skipped queueing frappe.integrations.doctype.google_drive.google_drive.daily_backup because it was found in queue for billa---com
2024-07-10 13:07:14,972 ERROR scheduler Skipped queueing frappe.email.doctype.auto_email_report.auto_email_report.send_daily because it was found in queue for billa---com
2024-07-10 13:07:14,989 ERROR scheduler Skipped queueing frappe.integrations.doctype.s3_backup_settings.s3_backup_settings.take_backups_daily because it was found in queue for billa---com
2024-07-10 13:07:15,007 ERROR scheduler Skipped queueing frappe.integrations.doctype.dropbox_settings.dropbox_settings.take_backups_daily because it was found in queue for billa---com
2024-07-10 13:07:15,199 ERROR scheduler Skipped queueing frappe.email.doctype.newsletter.newsletter.send_scheduled_email because it was found in queue for billa---com
2024-07-10 13:07:15,228 ERROR scheduler Skipped queueing frappe.integrations.doctype.google_calendar.google_calendar.sync because it was found in queue for billa---com
2024-07-10 13:07:15,244 ERROR scheduler Skipped queueing frappe.desk.form.document_follow.send_hourly_updates because it was found in queue for billa---com
2024-07-10 13:07:15,262 ERROR scheduler Skipped queueing frappe.desk.page.backups.backups.delete_downloadable_backups because it was found in queue for billa---com
2024-07-10 13:07:15,286 ERROR scheduler Skipped queueing frappe.model.utils.user_settings.sync_user_settings because it was found in queue for billa---com
2024-07-10 13:07:15,305 ERROR scheduler Skipped queueing frappe.model.utils.link_count.update_link_count because it was found in queue for billa---com
2024-07-10 13:07:15,322 ERROR scheduler Skipped queueing frappe.automation.doctype.reminder.reminder.send_reminders because it was found in queue for billa---com
2024-07-10 13:07:15,351 ERROR scheduler Skipped queueing frappe.monitor.flush because it was found in queue for billa---com
2024-07-10 13:07:15,368 ERROR scheduler Skipped queueing frappe.email.queue.flush because it was found in queue for billa---com
2024-07-10 13:07:15,385 ERROR scheduler Skipped queueing frappe.core.doctype.log_settings.log_settings.run_log_clean_up because it was found in queue for billa---com
2024-07-10 13:07:15,401 ERROR scheduler Skipped queueing frappe.core.doctype.prepared_report.prepared_report.expire_stalled_report because it was found in queue for billa---com
2024-07-10 13:07:15,417 ERROR scheduler Skipped queueing frappe.email.doctype.email_account.email_account.pull because it was found in queue for billa---com
2024-07-10 13:07:15,433 ERROR scheduler Skipped queueing frappe.deferred_insert.save_to_db because it was found in queue for billa---com
2024-07-10 13:07:15,450 ERROR scheduler Skipped queueing frappe.utils.global_search.sync_global_search because it was found in queue for billa---com
2024-07-10 13:07:15,466 ERROR scheduler Skipped queueing frappe.email.doctype.email_account.email_account.notify_unreplied because it was found in queue for billa---com
2024-07-10 13:07:15,494 ERROR scheduler Skipped queueing frappe.twofactor.delete_all_barcodes_for_users because it was found in queue for billa---com
2024-07-10 13:07:15,510 ERROR scheduler Skipped queueing frappe.website.doctype.web_page.web_page.check_publish_status because it was found in queue for billa---com
2024-07-10 13:07:15,515 ERROR scheduler Skipped queueing frappe.oauth.delete_oauth2_data because it was found in queue for billa---com
2024-07-10 13:08:16,009 ERROR scheduler Skipped queueing frappe.integrations.doctype.dropbox_settings.dropbox_settings.take_backups_daily because it was found in queue for billa---com
2024-07-11 12:00:10,272 ERROR scheduler Skipped queueing erpnext.stock.doctype.repost_item_valuation.repost_item_valuation.repost_entries because it was found in queue for billa---com
2024-07-11 12:00:10,304 ERROR scheduler Skipped queueing erpnext.assets.doctype.asset.depreciation.post_depreciation_entries because it was found in queue for billa---com
2024-07-11 12:00:10,321 ERROR scheduler Skipped queueing erpnext.crm.utils.open_leads_opportunities_based_on_todays_event because it was found in queue for billa---com
2024-07-11 12:00:10,369 ERROR scheduler Skipped queueing erpnext.manufacturing.doctype.bom_update_tool.bom_update_tool.auto_update_latest_price_in_all_boms because it was found in queue for billa---com
2024-07-11 12:00:10,385 ERROR scheduler Skipped queueing erpnext.setup.doctype.email_digest.email_digest.send because it was found in queue for billa---com
2024-07-11 12:00:10,402 ERROR scheduler Skipped queueing erpnext.accounts.doctype.process_subscription.process_subscription.create_subscription_process because it was found in queue for billa---com
2024-07-11 12:00:11,066 ERROR scheduler Skipped queueing erpnext.projects.doctype.project.project.project_status_update_reminder because it was found in queue for billa---com
2024-07-11 12:00:11,083 ERROR scheduler Skipped queueing erpnext.erpnext_integrations.doctype.plaid_settings.plaid_settings.automatic_synchronization because it was found in queue for billa---com
2024-07-11 12:00:11,101 ERROR scheduler Skipped queueing erpnext.utilities.doctype.video.video.update_youtube_data because it was found in queue for billa---com
2024-07-11 12:00:11,145 ERROR scheduler Skipped queueing erpnext.stock.reorder_item.reorder_item because it was found in queue for billa---com
2024-07-11 12:00:11,161 ERROR scheduler Skipped queueing erpnext.accounts.doctype.gl_entry.gl_entry.rename_gle_sle_docs because it was found in queue for billa---com
2024-07-11 12:00:11,178 ERROR scheduler Skipped queueing erpnext.accounts.doctype.process_payment_reconciliation.process_payment_reconciliation.trigger_reconciliation_for_queued_docs because it was found in queue for billa---com
2024-07-11 12:00:11,194 ERROR scheduler Skipped queueing erpnext.manufacturing.doctype.bom_update_log.bom_update_log.resume_bom_cost_update_jobs because it was found in queue for billa---com
2024-07-11 12:00:11,353 ERROR scheduler Skipped queueing frappe.integrations.doctype.google_drive.google_drive.daily_backup because it was found in queue for billa---com
2024-07-11 12:00:11,370 ERROR scheduler Skipped queueing frappe.email.doctype.auto_email_report.auto_email_report.send_daily because it was found in queue for billa---com
2024-07-11 12:00:11,386 ERROR scheduler Skipped queueing frappe.integrations.doctype.s3_backup_settings.s3_backup_settings.take_backups_daily because it was found in queue for billa---com
2024-07-11 12:00:11,402 ERROR scheduler Skipped queueing frappe.integrations.doctype.dropbox_settings.dropbox_settings.take_backups_daily because it was found in queue for billa---com
2024-07-11 12:00:11,419 ERROR scheduler Skipped queueing frappe.automation.doctype.auto_repeat.auto_repeat.set_auto_repeat_as_completed because it was found in queue for billa---com
2024-07-11 12:00:11,436 ERROR scheduler Skipped queueing frappe.automation.doctype.auto_repeat.auto_repeat.make_auto_repeat_entry because it was found in queue for billa---com
2024-07-11 12:00:11,452 ERROR scheduler Skipped queueing frappe.integrations.doctype.google_contacts.google_contacts.sync because it was found in queue for billa---com
2024-07-11 12:00:11,480 ERROR scheduler Skipped queueing frappe.social.doctype.energy_point_settings.energy_point_settings.allocate_review_points because it was found in queue for billa---com
2024-07-11 12:00:11,498 ERROR scheduler Skipped queueing frappe.desk.form.document_follow.send_daily_updates because it was found in queue for billa---com
2024-07-11 12:00:11,513 ERROR scheduler Skipped queueing frappe.website.doctype.personal_data_deletion_request.personal_data_deletion_request.remove_unverified_record because it was found in queue for billa---com
2024-07-11 12:00:11,531 ERROR scheduler Skipped queueing frappe.email.doctype.notification.notification.trigger_daily_alerts because it was found in queue for billa---com
2024-07-11 12:00:11,548 ERROR scheduler Skipped queueing frappe.sessions.clear_expired_sessions because it was found in queue for billa---com
2024-07-11 12:00:11,565 ERROR scheduler Skipped queueing frappe.desk.doctype.event.event.send_event_digest because it was found in queue for billa---com
2024-07-11 12:00:11,594 ERROR scheduler Skipped queueing frappe.desk.notifications.clear_notifications because it was found in queue for billa---com
2024-07-11 12:00:11,611 ERROR scheduler Skipped queueing frappe.website.doctype.personal_data_deletion_request.personal_data_deletion_request.process_data_deletion_request because it was found in queue for billa---com
2024-07-11 12:00:11,626 ERROR scheduler Skipped queueing frappe.email.doctype.newsletter.newsletter.send_scheduled_email because it was found in queue for billa---com
2024-07-11 12:00:11,657 ERROR scheduler Skipped queueing frappe.integrations.doctype.google_calendar.google_calendar.sync because it was found in queue for billa---com
2024-07-11 12:00:11,674 ERROR scheduler Skipped queueing frappe.desk.form.document_follow.send_hourly_updates because it was found in queue for billa---com
2024-07-11 12:00:11,689 ERROR scheduler Skipped queueing frappe.desk.page.backups.backups.delete_downloadable_backups because it was found in queue for billa---com
2024-07-11 12:00:11,705 ERROR scheduler Skipped queueing frappe.model.utils.user_settings.sync_user_settings because it was found in queue for billa---com
2024-07-11 12:00:11,721 ERROR scheduler Skipped queueing frappe.model.utils.link_count.update_link_count because it was found in queue for billa---com
2024-07-11 12:00:11,754 ERROR scheduler Skipped queueing frappe.monitor.flush because it was found in queue for billa---com
2024-07-11 12:00:11,769 ERROR scheduler Skipped queueing frappe.email.queue.flush because it was found in queue for billa---com
2024-07-11 12:00:11,786 ERROR scheduler Skipped queueing frappe.core.doctype.log_settings.log_settings.run_log_clean_up because it was found in queue for billa---com
2024-07-11 12:00:11,801 ERROR scheduler Skipped queueing frappe.core.doctype.prepared_report.prepared_report.expire_stalled_report because it was found in queue for billa---com
2024-07-11 12:00:11,806 ERROR scheduler Skipped queueing frappe.email.doctype.email_account.email_account.pull because it was found in queue for billa---com
2024-07-11 12:00:11,822 ERROR scheduler Skipped queueing frappe.deferred_insert.save_to_db because it was found in queue for billa---com
2024-07-11 12:00:11,837 ERROR scheduler Skipped queueing frappe.utils.global_search.sync_global_search because it was found in queue for billa---com
2024-07-11 12:00:11,852 ERROR scheduler Skipped queueing frappe.email.doctype.email_account.email_account.notify_unreplied because it was found in queue for billa---com
2024-07-11 12:00:11,868 ERROR scheduler Skipped queueing frappe.twofactor.delete_all_barcodes_for_users because it was found in queue for billa---com
2024-07-11 12:00:11,882 ERROR scheduler Skipped queueing frappe.website.doctype.web_page.web_page.check_publish_status because it was found in queue for billa---com
2024-07-11 12:00:11,898 ERROR scheduler Skipped queueing frappe.oauth.delete_oauth2_data because it was found in queue for billa---com
2024-07-11 12:01:11,972 ERROR scheduler Skipped queueing erpnext.stock.doctype.repost_item_valuation.repost_item_valuation.repost_entries because it was found in queue for billa---com
2024-07-11 12:01:11,990 ERROR scheduler Skipped queueing erpnext.assets.doctype.asset.depreciation.post_depreciation_entries because it was found in queue for billa---com
2024-07-11 12:01:12,012 ERROR scheduler Skipped queueing erpnext.crm.utils.open_leads_opportunities_based_on_todays_event because it was found in queue for billa---com
2024-07-11 12:01:12,021 ERROR scheduler Skipped queueing erpnext.manufacturing.doctype.bom_update_tool.bom_update_tool.auto_update_latest_price_in_all_boms because it was found in queue for billa---com
2024-07-11 12:01:12,036 ERROR scheduler Skipped queueing erpnext.setup.doctype.email_digest.email_digest.send because it was found in queue for billa---com
2024-07-11 12:01:12,052 ERROR scheduler Skipped queueing erpnext.accounts.doctype.process_subscription.process_subscription.create_subscription_process because it was found in queue for billa---com
2024-07-11 12:01:12,569 ERROR scheduler Skipped queueing frappe.integrations.doctype.google_drive.google_drive.daily_backup because it was found in queue for billa---com
2024-07-11 12:01:12,575 ERROR scheduler Skipped queueing frappe.email.doctype.auto_email_report.auto_email_report.send_daily because it was found in queue for billa---com
2024-07-11 12:01:12,591 ERROR scheduler Skipped queueing frappe.integrations.doctype.s3_backup_settings.s3_backup_settings.take_backups_daily because it was found in queue for billa---com
2024-07-11 12:01:12,606 ERROR scheduler Skipped queueing frappe.integrations.doctype.dropbox_settings.dropbox_settings.take_backups_daily because it was found in queue for billa---com
2024-07-11 12:01:12,813 ERROR scheduler Skipped queueing frappe.automation.doctype.reminder.reminder.send_reminders because it was found in queue for billa---com
